\BOOKMARK [0][-]{chapter.1}{Introduzione}{}% 1
\BOOKMARK [1][-]{section.1.1}{Scopo del documento}{chapter.1}% 2
\BOOKMARK [1][-]{section.1.2}{Glossario}{chapter.1}% 3
\BOOKMARK [1][-]{section.1.3}{Riferimenti}{chapter.1}% 4
\BOOKMARK [2][-]{subsection.1.3.1}{Riferimenti normativi}{section.1.3}% 5
\BOOKMARK [2][-]{subsection.1.3.2}{Riferimenti informativi}{section.1.3}% 6
\BOOKMARK [0][-]{chapter.2}{Capitolato scelto: C3 - GDP, Gathering Detection Platform}{}% 7
\BOOKMARK [1][-]{section.2.1}{Informazioni generali}{chapter.2}% 8
\BOOKMARK [1][-]{section.2.2}{Descrizione del capitolato}{chapter.2}% 9
\BOOKMARK [1][-]{section.2.3}{Finalit\340 del progetto}{chapter.2}% 10
\BOOKMARK [1][-]{section.2.4}{Tecnologie interessate}{chapter.2}% 11
\BOOKMARK [1][-]{section.2.5}{Aspetti positivi}{chapter.2}% 12
\BOOKMARK [1][-]{section.2.6}{Criticit\340 e fattori di rischio}{chapter.2}% 13
\BOOKMARK [1][-]{section.2.7}{Conclusioni}{chapter.2}% 14
\BOOKMARK [0][-]{chapter.3}{C1 - BlockCOVID: supporto digitale al contrasto della pandemia}{}% 15
\BOOKMARK [1][-]{section.3.1}{Informazioni generali}{chapter.3}% 16
\BOOKMARK [1][-]{section.3.2}{Descrizione del capitolato}{chapter.3}% 17
\BOOKMARK [1][-]{section.3.3}{Finalit\340 del progetto}{chapter.3}% 18
\BOOKMARK [1][-]{section.3.4}{Tecnologie interessate}{chapter.3}% 19
\BOOKMARK [1][-]{section.3.5}{Aspetti positivi}{chapter.3}% 20
\BOOKMARK [1][-]{section.3.6}{Criticit\340 e fattori di rischio}{chapter.3}% 21
\BOOKMARK [1][-]{section.3.7}{Conclusioni}{chapter.3}% 22
\BOOKMARK [0][-]{chapter.4}{C2 - EmporioLambda: piattaforma di e-commerce in stile Serverless}{}% 23
\BOOKMARK [1][-]{section.4.1}{Informazioni generali}{chapter.4}% 24
\BOOKMARK [1][-]{section.4.2}{Descrizione del capitolato}{chapter.4}% 25
\BOOKMARK [1][-]{section.4.3}{Finalit\340 del progetto}{chapter.4}% 26
\BOOKMARK [1][-]{section.4.4}{Tecnologie interessate}{chapter.4}% 27
\BOOKMARK [1][-]{section.4.5}{Aspetti positivi}{chapter.4}% 28
\BOOKMARK [1][-]{section.4.6}{Criticit\340 e fattori di rischio}{chapter.4}% 29
\BOOKMARK [1][-]{section.4.7}{Conclusioni}{chapter.4}% 30
\BOOKMARK [0][-]{chapter.5}{C4 - HD Viz: visualizzazione di dati multidimensionali}{}% 31
\BOOKMARK [1][-]{section.5.1}{Informazioni generali}{chapter.5}% 32
\BOOKMARK [1][-]{section.5.2}{Descrizione del capitolato}{chapter.5}% 33
\BOOKMARK [1][-]{section.5.3}{Finalit\340 del progetto}{chapter.5}% 34
\BOOKMARK [1][-]{section.5.4}{Tecnologie interessate}{chapter.5}% 35
\BOOKMARK [1][-]{section.5.5}{Aspetti positivi}{chapter.5}% 36
\BOOKMARK [1][-]{section.5.6}{Criticit\340 e fattori di rischio}{chapter.5}% 37
\BOOKMARK [1][-]{section.5.7}{Conclusioni}{chapter.5}% 38
\BOOKMARK [0][-]{chapter.6}{C5 - PORTACS: piattaforma di controllo mobilit\340 autonoma}{}% 39
\BOOKMARK [1][-]{section.6.1}{Informazioni generali}{chapter.6}% 40
\BOOKMARK [1][-]{section.6.2}{Descrizione del capitolato}{chapter.6}% 41
\BOOKMARK [1][-]{section.6.3}{Finalit\340 del progetto}{chapter.6}% 42
\BOOKMARK [1][-]{section.6.4}{Tecnologie interessate}{chapter.6}% 43
\BOOKMARK [1][-]{section.6.5}{Aspetti positivi}{chapter.6}% 44
\BOOKMARK [1][-]{section.6.6}{Criticit\340 e fattori di rischio}{chapter.6}% 45
\BOOKMARK [1][-]{section.6.7}{Conclusioni}{chapter.6}% 46
\BOOKMARK [0][-]{chapter.7}{C6 - RGP: Realtime Gaming Platform}{}% 47
\BOOKMARK [1][-]{section.7.1}{Informazioni generali}{chapter.7}% 48
\BOOKMARK [1][-]{section.7.2}{Descrizione del capitolato}{chapter.7}% 49
\BOOKMARK [1][-]{section.7.3}{Finalit\340 del progetto}{chapter.7}% 50
\BOOKMARK [1][-]{section.7.4}{Tecnologie interessate}{chapter.7}% 51
\BOOKMARK [1][-]{section.7.5}{Aspetti positivi}{chapter.7}% 52
\BOOKMARK [1][-]{section.7.6}{Criticit\340 e fattori di rischio}{chapter.7}% 53
\BOOKMARK [1][-]{section.7.7}{Conclusioni}{chapter.7}% 54
\BOOKMARK [0][-]{chapter.8}{C7 - SSD: soluzioni di sincronizzazione desktop}{}% 55
\BOOKMARK [1][-]{section.8.1}{Informazioni generali}{chapter.8}% 56
\BOOKMARK [1][-]{section.8.2}{Descrizione del capitolato}{chapter.8}% 57
\BOOKMARK [1][-]{section.8.3}{Finalit\340 del progetto}{chapter.8}% 58
\BOOKMARK [1][-]{section.8.4}{Tecnologie interessate}{chapter.8}% 59
\BOOKMARK [1][-]{section.8.5}{Aspetti positivi}{chapter.8}% 60
\BOOKMARK [1][-]{section.8.6}{Criticit\340 e fattori di rischio}{chapter.8}% 61
\BOOKMARK [1][-]{section.8.7}{Conclusioni}{chapter.8}% 62
